[debug] [2026-03-18T13:42:31.257Z] ----------------------------------------------------------------------
[debug] [2026-03-18T13:42:31.259Z] Command:       C:\Program Files\nodejs\node.exe C:\Users\sudee\AppData\Roaming\npm\node_modules\firebase-tools\lib\bin\firebase.js init hosting
[debug] [2026-03-18T13:42:31.259Z] CLI Version:   14.24.1
[debug] [2026-03-18T13:42:31.259Z] Platform:      win32
[debug] [2026-03-18T13:42:31.259Z] Node Version:  v24.11.0
[debug] [2026-03-18T13:42:31.259Z] Time:          Wed Mar 18 2026 08:42:31 GMT-0500 (Central Daylight Time)
[debug] [2026-03-18T13:42:31.259Z] ----------------------------------------------------------------------
[debug] 
[info] 
     ######## #### ########  ######## ########     ###     ######  ########
     ##        ##  ##     ## ##       ##     ##  ##   ##  ##       ##
     ######    ##  ########  ######   ########  #########  ######  ######
     ##        ##  ##    ##  ##       ##     ## ##     ##       ## ##
     ##       #### ##     ## ######## ########  ##     ##  ######  ########

You're about to initialize a Firebase project in this directory:

  C:\Users\sudee\Desktop

Before we get started, keep in mind:

  * You are initializing within an existing Firebase project directory

[info] 
=== Project Setup
[info] 
[info] First, let's associate this project directory with a Firebase project.
[info] You can create multiple project aliases by running firebase use --add, 
[info] 
[debug] [2026-03-18T13:42:43.260Z] > command requires scopes: ["email","openid","https://www.googleapis.com/auth/cloudplatformprojects.readonly","https://www.googleapis.com/auth/firebase","https://www.googleapis.com/auth/cloud-platform"]
[debug] [2026-03-18T13:42:43.261Z] > authorizing via signed-in user (tbnrfragsgodkiller@gmail.com)
[debug] [2026-03-18T13:42:43.261Z] Checked if tokens are valid: false, expires at: 1764819173562
[debug] [2026-03-18T13:42:43.262Z] Checked if tokens are valid: false, expires at: 1764819173562
[debug] [2026-03-18T13:42:43.262Z] > refreshing access token with scopes: []
[debug] [2026-03-18T13:42:43.263Z] >>> [apiv2][query] POST https://www.googleapis.com/oauth2/v3/token [none]
[debug] [2026-03-18T13:42:43.263Z] >>> [apiv2][body] POST https://www.googleapis.com/oauth2/v3/token [omitted]
[debug] [2026-03-18T13:42:43.400Z] <<< [apiv2][status] POST https://www.googleapis.com/oauth2/v3/token 200
[debug] [2026-03-18T13:42:43.400Z] <<< [apiv2][body] POST https://www.googleapis.com/oauth2/v3/token [omitted]
[debug] [2026-03-18T13:42:43.408Z] >>> [apiv2][query] GET https://firebase.googleapis.com/v1beta1/projects/mavstudy-ab1ae [none]
[debug] [2026-03-18T13:42:43.606Z] <<< [apiv2][status] GET https://firebase.googleapis.com/v1beta1/projects/mavstudy-ab1ae 200
[debug] [2026-03-18T13:42:43.606Z] <<< [apiv2][body] GET https://firebase.googleapis.com/v1beta1/projects/mavstudy-ab1ae {"projectId":"mavstudy-ab1ae","projectNumber":"973498407914","displayName":"MavStudy","name":"projects/mavstudy-ab1ae","resources":{"hostingSite":"mavstudy-ab1ae"},"state":"ACTIVE","etag":"1_fc1f401f-08b6-4e09-b998-e17bc6f7ab1f"}
[info] i  Using project mavstudy-ab1ae (MavStudy) . 
[info] 
=== Hosting Setup
[debug] [2026-03-18T13:42:43.612Z] Checked if tokens are valid: true, expires at: 1773844962400
[debug] [2026-03-18T13:42:43.612Z] Checked if tokens are valid: true, expires at: 1773844962400
[debug] [2026-03-18T13:42:43.612Z] >>> [apiv2][query] GET https://firebase.googleapis.com/v1beta1/projects/mavstudy-ab1ae [none]
[debug] [2026-03-18T13:42:43.792Z] <<< [apiv2][status] GET https://firebase.googleapis.com/v1beta1/projects/mavstudy-ab1ae 200
[debug] [2026-03-18T13:42:43.792Z] <<< [apiv2][body] GET https://firebase.googleapis.com/v1beta1/projects/mavstudy-ab1ae {"projectId":"mavstudy-ab1ae","projectNumber":"973498407914","displayName":"MavStudy","name":"projects/mavstudy-ab1ae","resources":{"hostingSite":"mavstudy-ab1ae"},"state":"ACTIVE","etag":"1_fc1f401f-08b6-4e09-b998-e17bc6f7ab1f"}
[info] 
[info] Your public directory is the folder (relative to your project directory) that
[info] will contain Hosting assets to be uploaded with firebase deploy. If you
[info] have a build process for your assets, use your build's output directory.
[info] 
[debug] [2026-03-18T13:43:10.410Z] ExitPromptError: User force closed the prompt with SIGINT
    at Interface.sigint (C:\Users\sudee\AppData\Roaming\npm\node_modules\firebase-tools\node_modules\@inquirer\core\dist\commonjs\lib\create-prompt.js:101:37)
    at Interface.emit (node:events:508:28)
    at Interface.emit (node:domain:489:12)
    at [_ttyWrite] [as _ttyWrite] (node:internal/readline/interface:1317:18)
    at ReadStream.onkeypress (node:internal/readline/interface:284:20)
    at ReadStream.emit (node:events:520:35)
    at ReadStream.emit (node:domain:489:12)
    at emitKeys (node:internal/readline/utils:371:14)
    at emitKeys.next (<anonymous>)
    at ReadStream.onData (node:internal/readline/emitKeypressEvents:64:36)
[error] 
[error] Error: An unexpected error has occurred.
